# JRE version: Java(TM) SE Runtime Environment (17.0.9+11) (build 17.0.9+11-LTS-201)
# Java VM: Java HotSpot(TM) 64-Bit Server VM (17.0.9+11-LTS-201, mixed mode, sharing, tiered, compressed oops, compressed class ptrs, g1 gc, windows-amd64)
GC Precious Log:
 CPUs: 8 total, 8 available
 Memory: 8057M
 Large Page Support: Disabled
 NUMA Support: Disabled
 Compressed Oops: Enabled (32-bit)
 Heap Region Size: 1M
 Heap Min Capacity: 8M
 Heap Initial Capacity: 126M
 Heap Max Capacity: 2016M
 Pre-touch: Disabled
 Parallel Workers: 8
 Concurrent Workers: 2
 Concurrent Refinement Workers: 8
 Periodic GC: Disabled
Heap:
 garbage-first heap   total 129024K, used 20915K [0x0000000082000000, 0x0000000100000000)
  region size 1024K, 5 young (5120K), 3 survivors (3072K)
 Metaspace       used 21325K, committed 21568K, reserved 1114112K
  class space    used 2370K, committed 2496K, reserved 1048576K
GC Heap History (6 events):
Event: 5.291 GC heap before
{Heap before GC invocations=0 (full 0):
 garbage-first heap   total 129024K, used 32768K [0x0000000082000000, 0x0000000100000000)
  region size 1024K, 23 young (23552K), 0 survivors (0K)
 Metaspace       used 19021K, committed 19264K, reserved 1114112K
  class space    used 2215K, committed 2304K, reserved 1048576K
}
Event: 5.298 GC heap after
{Heap after GC invocations=1 (full 0):
 garbage-first heap   total 129024K, used 16473K [0x0000000082000000, 0x0000000100000000)
  region size 1024K, 3 young (3072K), 3 survivors (3072K)
 Metaspace       used 19021K, committed 19264K, reserved 1114112K
  class space    used 2215K, committed 2304K, reserved 1048576K
}
Event: 5.749 GC heap before
{Heap before GC invocations=1 (full 0):
 garbage-first heap   total 129024K, used 28761K [0x0000000082000000, 0x0000000100000000)
  region size 1024K, 15 young (15360K), 3 survivors (3072K)
 Metaspace       used 20562K, committed 20864K, reserved 1114112K
  class space    used 2317K, committed 2496K, reserved 1048576K
}
Event: 5.754 GC heap after
{Heap after GC invocations=2 (full 0):
 garbage-first heap   total 129024K, used 19266K [0x0000000082000000, 0x0000000100000000)
  region size 1024K, 2 young (2048K), 2 survivors (2048K)
 Metaspace       used 20562K, committed 20864K, reserved 1114112K
  class space    used 2317K, committed 2496K, reserved 1048576K
}
Event: 6.091 GC heap before
{Heap before GC invocations=2 (full 0):
 garbage-first heap   total 129024K, used 26434K [0x0000000082000000, 0x0000000100000000)
  region size 1024K, 10 young (10240K), 2 survivors (2048K)
 Metaspace       used 21316K, committed 21504K, reserved 1114112K
  class space    used 2370K, committed 2496K, reserved 1048576K
}
Event: 6.093 GC heap after
{Heap after GC invocations=3 (full 0):
 garbage-first heap   total 129024K, used 19891K [0x0000000082000000, 0x0000000100000000)
  region size 1024K, 3 young (3072K), 3 survivors (3072K)
 Metaspace       used 21316K, committed 21504K, reserved 1114112K
  class space    used 2370K, committed 2496K, reserved 1048576K
}

